0 info it worked if it ends with ok
1 verbose cli [ 'C:\\Program Files (x86)\\nodejs\\node.exe',
1 verbose cli   'C:\\Program Files (x86)\\nodejs\\node_modules\\npm\\bin\\npm-cli.js',
1 verbose cli   'start' ]
2 info using npm@3.10.10
3 info using node@v6.10.0
4 verbose run-script [ 'prestart', 'start', 'poststart' ]
5 info lifecycle tdc-paginashtml@0.0.0~prestart: tdc-paginashtml@0.0.0
6 silly lifecycle tdc-paginashtml@0.0.0~prestart: no script for prestart, continuing
7 info lifecycle tdc-paginashtml@0.0.0~start: tdc-paginashtml@0.0.0
8 verbose lifecycle tdc-paginashtml@0.0.0~start: unsafe-perm in lifecycle true
9 verbose lifecycle tdc-paginashtml@0.0.0~start: PATH: C:\Program Files (x86)\nodejs\node_modules\npm\bin\node-gyp-bin;C:\Geral\NodeProjetos\tdc-paginasHtml\node_modules\.bin;C:\ProgramData\Oracle\Java\javapath;C:\Program Files (x86)\Intel\iCLS Client\;C:\Program Files\Intel\iCLS Client\;C:\Python27\;C:\Python27\Scripts;C:\WINDOWS\system32;C:\WINDOWS;C:\WINDOWS\System32\Wbem;C:\WINDOWS\System32\WindowsPowerShell\v1.0\;C:\Users\Marcos\.dnx\bin;C:\Program Files\Microsoft DNX\Dnvm\;C:\Program Files\Microsoft SQL Server\130\Tools\Binn\;C:\Program Files (x86)\Microsoft Emulator Manager\1.0\;C:\Program Files\Git\cmd;C:\Program Files (x86)\Windows Kits\10\Windows Performance Toolkit\;C:\Program Files\Microsoft SQL Server\Client SDK\ODBC\110\Tools\Binn\;C:\Program Files (x86)\Microsoft SQL Server\120\Tools\Binn\ManagementStudio\;C:\Program Files (x86)\Microsoft SQL Server\120\Tools\Binn\;C:\Program Files\Microsoft SQL Server\120\Tools\Binn\;C:\Program Files (x86)\Microsoft SQL Server\120\DTS\Binn\;C:\Program Files\Microsoft SQL Server\120\DTS\Binn\;C:\Program Files (x86)\WinMerge;C:\Program Files\SourceGear\Common\DiffMerge\;C:\Program Files (x86)\Intel\Intel(R) Management Engine Components\DAL;C:\Program Files\Intel\Intel(R) Management Engine Components\DAL;C:\Program Files (x86)\Intel\Intel(R) Management Engine Components\IPT;C:\Program Files\Intel\Intel(R) Management Engine Components\IPT;C:\Program Files (x86)\NVIDIA Corporation\PhysX\Common;C:\Program Files (x86)\nodejs\;C:\Program Files\Java\jre1.8.0_121;C:\Program Files (x86)\Java\jdk1.7.0_55;C:\Program Files\apache-maven-3.3.9;C:\Program Files\Java\jre1.8.0_121\bin;C:\Program Files (x86)\Microsoft VS Code\bin;C:\Users\Marcos\AppData\Local\Microsoft\WindowsApps;C:\Program Files (x86)\MongoDB\Server\3.4\bin;C:\Users\Marcos\AppData\Roaming\npm;C:\Program Files (x86)\Microsoft VS Code\resources\app\extensions\typescript\node_modules\typescript\bin;C:\Program Files\apache-maven-3.3.9\bin;C:\Program Files\Java\jre1.8.0_121\bin
10 verbose lifecycle tdc-paginashtml@0.0.0~start: CWD: C:\Geral\NodeProjetos\tdc-paginasHtml
11 silly lifecycle tdc-paginashtml@0.0.0~start: Args: [ '/d /s /c', 'node ./bin/www' ]
12 silly lifecycle tdc-paginashtml@0.0.0~start: Returned: code: 3221225786  signal: null
13 info lifecycle tdc-paginashtml@0.0.0~start: Failed to exec start script
14 verbose stack Error: tdc-paginashtml@0.0.0 start: `node ./bin/www`
14 verbose stack Exit status 3221225786
14 verbose stack     at EventEmitter.<anonymous> (C:\Program Files (x86)\nodejs\node_modules\npm\lib\utils\lifecycle.js:255:16)
14 verbose stack     at emitTwo (events.js:106:13)
14 verbose stack     at EventEmitter.emit (events.js:191:7)
14 verbose stack     at ChildProcess.<anonymous> (C:\Program Files (x86)\nodejs\node_modules\npm\lib\utils\spawn.js:40:14)
14 verbose stack     at emitTwo (events.js:106:13)
14 verbose stack     at ChildProcess.emit (events.js:191:7)
14 verbose stack     at maybeClose (internal/child_process.js:877:16)
14 verbose stack     at Process.ChildProcess._handle.onexit (internal/child_process.js:226:5)
15 verbose pkgid tdc-paginashtml@0.0.0
16 verbose cwd C:\Geral\NodeProjetos\tdc-paginasHtml
17 error Windows_NT 10.0.14393
18 error argv "C:\\Program Files (x86)\\nodejs\\node.exe" "C:\\Program Files (x86)\\nodejs\\node_modules\\npm\\bin\\npm-cli.js" "start"
19 error node v6.10.0
20 error npm  v3.10.10
21 error code ELIFECYCLE
22 error tdc-paginashtml@0.0.0 start: `node ./bin/www`
22 error Exit status 3221225786
23 error Failed at the tdc-paginashtml@0.0.0 start script 'node ./bin/www'.
23 error Make sure you have the latest version of node.js and npm installed.
23 error If you do, this is most likely a problem with the tdc-paginashtml package,
23 error not with npm itself.
23 error Tell the author that this fails on your system:
23 error     node ./bin/www
23 error You can get information on how to open an issue for this project with:
23 error     npm bugs tdc-paginashtml
23 error Or if that isn't available, you can get their info via:
23 error     npm owner ls tdc-paginashtml
23 error There is likely additional logging output above.
24 verbose exit [ 1, true ]
